# JRE version: OpenJDK Runtime Environment 18.9 (11.0.11+9) (build 11.0.11+9)
# Java VM: OpenJDK 64-Bit Server VM 18.9 (11.0.11+9, mixed mode, tiered, compressed oops, g1 gc, windows-amd64)
Heap:
 garbage-first heap   total 307200K, used 232518K [0x0000000740000000, 0x0000000800000000)
  region size 1024K, 58 young (59392K), 3 survivors (3072K)
 Metaspace       used 114103K, capacity 115800K, committed 119888K, reserved 1153024K
  class space    used 14748K, capacity 15478K, committed 16980K, reserved 1048576K
GC Heap History (20 events):
Event: 4267.697 GC heap before
{Heap before GC invocations=167 (full 3):
 garbage-first heap   total 307200K, used 220577K [0x0000000740000000, 0x0000000800000000)
  region size 1024K, 60 young (61440K), 3 survivors (3072K)
 Metaspace       used 109163K, capacity 110707K, committed 115408K, reserved 1148928K
  class space    used 13870K, capacity 14503K, committed 16084K, reserved 1048576K
}
Event: 4267.699 GC heap after
{Heap after GC invocations=168 (full 3):
 garbage-first heap   total 307200K, used 163895K [0x0000000740000000, 0x0000000800000000)
  region size 1024K, 3 young (3072K), 3 survivors (3072K)
 Metaspace       used 109163K, capacity 110707K, committed 115408K, reserved 1148928K
  class space    used 13870K, capacity 14503K, committed 16084K, reserved 1048576K
}
Event: 4269.030 GC heap before
{Heap before GC invocations=168 (full 3):
 garbage-first heap   total 307200K, used 222263K [0x0000000740000000, 0x0000000800000000)
  region size 1024K, 60 young (61440K), 3 survivors (3072K)
 Metaspace       used 110317K, capacity 111912K, committed 116560K, reserved 1148928K
  class space    used 14165K, capacity 14840K, committed 16468K, reserved 1048576K
}
Event: 4269.033 GC heap after
{Heap after GC invocations=169 (full 3):
 garbage-first heap   total 307200K, used 166254K [0x0000000740000000, 0x0000000800000000)
  region size 1024K, 6 young (6144K), 6 survivors (6144K)
 Metaspace       used 110317K, capacity 111912K, committed 116560K, reserved 1148928K
  class space    used 14165K, capacity 14840K, committed 16468K, reserved 1048576K
}
Event: 4269.220 GC heap before
{Heap before GC invocations=170 (full 3):
 garbage-first heap   total 307200K, used 221550K [0x0000000740000000, 0x0000000800000000)
  region size 1024K, 60 young (61440K), 6 survivors (6144K)
 Metaspace       used 110333K, capacity 111915K, committed 116560K, reserved 1148928K
  class space    used 14166K, capacity 14841K, committed 16468K, reserved 1048576K
}
Event: 4269.224 GC heap after
{Heap after GC invocations=171 (full 3):
 garbage-first heap   total 307200K, used 167529K [0x0000000740000000, 0x0000000800000000)
  region size 1024K, 5 young (5120K), 5 survivors (5120K)
 Metaspace       used 110333K, capacity 111915K, committed 116560K, reserved 1148928K
  class space    used 14166K, capacity 14841K, committed 16468K, reserved 1048576K
}
Event: 4269.402 GC heap before
{Heap before GC invocations=171 (full 3):
 garbage-first heap   total 307200K, used 223849K [0x0000000740000000, 0x0000000800000000)
  region size 1024K, 60 young (61440K), 5 survivors (5120K)
 Metaspace       used 110349K, capacity 111982K, committed 116560K, reserved 1148928K
  class space    used 14167K, capacity 14842K, committed 16468K, reserved 1048576K
}
Event: 4269.405 GC heap after
{Heap after GC invocations=172 (full 3):
 garbage-first heap   total 307200K, used 167663K [0x0000000740000000, 0x0000000800000000)
  region size 1024K, 5 young (5120K), 5 survivors (5120K)
 Metaspace       used 110349K, capacity 111982K, committed 116560K, reserved 1148928K
  class space    used 14167K, capacity 14842K, committed 16468K, reserved 1048576K
}
Event: 4269.748 GC heap before
{Heap before GC invocations=172 (full 3):
 garbage-first heap   total 307200K, used 223983K [0x0000000740000000, 0x0000000800000000)
  region size 1024K, 60 young (61440K), 5 survivors (5120K)
 Metaspace       used 111392K, capacity 113002K, committed 117456K, reserved 1150976K
  class space    used 14295K, capacity 14983K, committed 16596K, reserved 1048576K
}
Event: 4269.752 GC heap after
{Heap after GC invocations=173 (full 3):
 garbage-first heap   total 307200K, used 168866K [0x0000000740000000, 0x0000000800000000)
  region size 1024K, 4 young (4096K), 4 survivors (4096K)
 Metaspace       used 111392K, capacity 113002K, committed 117456K, reserved 1150976K
  class space    used 14295K, capacity 14983K, committed 16596K, reserved 1048576K
}
Event: 4270.097 GC heap before
{Heap before GC invocations=174 (full 3):
 garbage-first heap   total 307200K, used 226210K [0x0000000740000000, 0x0000000800000000)
  region size 1024K, 60 young (61440K), 4 survivors (4096K)
 Metaspace       used 112484K, capacity 114209K, committed 118352K, reserved 1150976K
  class space    used 14573K, capacity 15269K, committed 16724K, reserved 1048576K
}
Event: 4270.101 GC heap after
{Heap after GC invocations=175 (full 3):
 garbage-first heap   total 307200K, used 171221K [0x0000000740000000, 0x0000000800000000)
  region size 1024K, 6 young (6144K), 6 survivors (6144K)
 Metaspace       used 112484K, capacity 114209K, committed 118352K, reserved 1150976K
  class space    used 14573K, capacity 15269K, committed 16724K, reserved 1048576K
}
Event: 4270.352 GC heap before
{Heap before GC invocations=175 (full 3):
 garbage-first heap   total 307200K, used 218325K [0x0000000740000000, 0x0000000800000000)
  region size 1024K, 20 young (20480K), 6 survivors (6144K)
 Metaspace       used 113488K, capacity 115196K, committed 119504K, reserved 1153024K
  class space    used 14680K, capacity 15385K, committed 16852K, reserved 1048576K
}
Event: 4270.355 GC heap after
{Heap after GC invocations=176 (full 3):
 garbage-first heap   total 307200K, used 202796K [0x0000000740000000, 0x0000000800000000)
  region size 1024K, 3 young (3072K), 3 survivors (3072K)
 Metaspace       used 113488K, capacity 115196K, committed 119504K, reserved 1153024K
  class space    used 14680K, capacity 15385K, committed 16852K, reserved 1048576K
}
Event: 4274.019 GC heap before
{Heap before GC invocations=176 (full 3):
 garbage-first heap   total 307200K, used 261164K [0x0000000740000000, 0x0000000800000000)
  region size 1024K, 60 young (61440K), 3 survivors (3072K)
 Metaspace       used 113572K, capacity 115269K, committed 119504K, reserved 1153024K
  class space    used 14687K, capacity 15386K, committed 16852K, reserved 1048576K
}
Event: 4274.022 GC heap after
{Heap after GC invocations=177 (full 3):
 garbage-first heap   total 307200K, used 180534K [0x0000000740000000, 0x0000000800000000)
  region size 1024K, 3 young (3072K), 3 survivors (3072K)
 Metaspace       used 113572K, capacity 115269K, committed 119504K, reserved 1153024K
  class space    used 14687K, capacity 15386K, committed 16852K, reserved 1048576K
}
Event: 4280.367 GC heap before
{Heap before GC invocations=178 (full 3):
 garbage-first heap   total 307200K, used 249142K [0x0000000740000000, 0x0000000800000000)
  region size 1024K, 60 young (61440K), 3 survivors (3072K)
 Metaspace       used 113693K, capacity 115439K, committed 119504K, reserved 1153024K
  class space    used 14696K, capacity 15422K, committed 16852K, reserved 1048576K
}
Event: 4280.370 GC heap after
{Heap after GC invocations=179 (full 3):
 garbage-first heap   total 307200K, used 191064K [0x0000000740000000, 0x0000000800000000)
  region size 1024K, 3 young (3072K), 3 survivors (3072K)
 Metaspace       used 113693K, capacity 115439K, committed 119504K, reserved 1153024K
  class space    used 14696K, capacity 15422K, committed 16852K, reserved 1048576K
}
Event: 4282.509 GC heap before
{Heap before GC invocations=179 (full 3):
 garbage-first heap   total 307200K, used 249432K [0x0000000740000000, 0x0000000800000000)
  region size 1024K, 60 young (61440K), 3 survivors (3072K)
 Metaspace       used 113710K, capacity 115439K, committed 119504K, reserved 1153024K
  class space    used 14696K, capacity 15422K, committed 16852K, reserved 1048576K
}
Event: 4282.512 GC heap after
{Heap after GC invocations=180 (full 3):
 garbage-first heap   total 307200K, used 178246K [0x0000000740000000, 0x0000000800000000)
  region size 1024K, 3 young (3072K), 3 survivors (3072K)
 Metaspace       used 113710K, capacity 115439K, committed 119504K, reserved 1153024K
  class space    used 14696K, capacity 15422K, committed 16852K, reserved 1048576K
}

