# JRE version: OpenJDK Runtime Environment 18.9 (11.0.11+9) (build 11.0.11+9)
# Java VM: OpenJDK 64-Bit Server VM 18.9 (11.0.11+9, mixed mode, tiered, compressed oops, g1 gc, windows-amd64)
Heap:
 garbage-first heap   total 262144K, used 131826K [0x0000000740000000, 0x0000000800000000)
  region size 1024K, 17 young (17408K), 1 survivors (1024K)
 Metaspace       used 109229K, capacity 111153K, committed 114892K, reserved 1148928K
  class space    used 13469K, capacity 14244K, committed 15488K, reserved 1048576K
GC Heap History (20 events):
Event: 3100.635 GC heap before
{Heap before GC invocations=653 (full 295):
 garbage-first heap   total 262144K, used 143414K [0x0000000740000000, 0x0000000800000000)
  region size 1024K, 20 young (20480K), 3 survivors (3072K)
 Metaspace       used 109351K, capacity 111285K, committed 114892K, reserved 1148928K
  class space    used 13505K, capacity 14313K, committed 15488K, reserved 1048576K
}
Event: 3100.639 GC heap after
{Heap after GC invocations=654 (full 295):
 garbage-first heap   total 262144K, used 127015K [0x0000000740000000, 0x0000000800000000)
  region size 1024K, 3 young (3072K), 3 survivors (3072K)
 Metaspace       used 109351K, capacity 111285K, committed 114892K, reserved 1148928K
  class space    used 13505K, capacity 14313K, committed 15488K, reserved 1048576K
}
Event: 3100.792 GC heap before
{Heap before GC invocations=655 (full 295):
 garbage-first heap   total 262144K, used 144423K [0x0000000740000000, 0x0000000800000000)
  region size 1024K, 16 young (16384K), 3 survivors (3072K)
 Metaspace       used 109327K, capacity 111246K, committed 114892K, reserved 1148928K
  class space    used 13498K, capacity 14299K, committed 15488K, reserved 1048576K
}
Event: 3100.873 GC heap after
{Heap after GC invocations=656 (full 296):
 garbage-first heap   total 262144K, used 116233K [0x0000000740000000, 0x0000000800000000)
  region size 1024K, 0 young (0K), 0 survivors (0K)
 Metaspace       used 109225K, capacity 111089K, committed 114892K, reserved 1148928K
  class space    used 13469K, capacity 14244K, committed 15488K, reserved 1048576K
}
Event: 3113.406 GC heap before
{Heap before GC invocations=656 (full 296):
 garbage-first heap   total 262144K, used 177673K [0x0000000740000000, 0x0000000800000000)
  region size 1024K, 60 young (61440K), 0 survivors (0K)
 Metaspace       used 109226K, capacity 111089K, committed 114892K, reserved 1148928K
  class space    used 13469K, capacity 14244K, committed 15488K, reserved 1048576K
}
Event: 3113.410 GC heap after
{Heap after GC invocations=657 (full 296):
 garbage-first heap   total 262144K, used 117098K [0x0000000740000000, 0x0000000800000000)
  region size 1024K, 1 young (1024K), 1 survivors (1024K)
 Metaspace       used 109226K, capacity 111089K, committed 114892K, reserved 1148928K
  class space    used 13469K, capacity 14244K, committed 15488K, reserved 1048576K
}
Event: 3114.034 GC heap before
{Heap before GC invocations=658 (full 296):
 garbage-first heap   total 262144K, used 123242K [0x0000000740000000, 0x0000000800000000)
  region size 1024K, 8 young (8192K), 1 survivors (1024K)
 Metaspace       used 109228K, capacity 111153K, committed 114892K, reserved 1148928K
  class space    used 13469K, capacity 14244K, committed 15488K, reserved 1048576K
}
Event: 3114.108 GC heap after
{Heap after GC invocations=659 (full 297):
 garbage-first heap   total 262144K, used 116430K [0x0000000740000000, 0x0000000800000000)
  region size 1024K, 0 young (0K), 0 survivors (0K)
 Metaspace       used 109228K, capacity 111153K, committed 114892K, reserved 1148928K
  class space    used 13469K, capacity 14244K, committed 15488K, reserved 1048576K
}
Event: 3116.464 GC heap before
{Heap before GC invocations=659 (full 297):
 garbage-first heap   total 262144K, used 135886K [0x0000000740000000, 0x0000000800000000)
  region size 1024K, 20 young (20480K), 0 survivors (0K)
 Metaspace       used 109228K, capacity 111153K, committed 114892K, reserved 1148928K
  class space    used 13469K, capacity 14244K, committed 15488K, reserved 1048576K
}
Event: 3116.466 GC heap after
{Heap after GC invocations=660 (full 297):
 garbage-first heap   total 262144K, used 116853K [0x0000000740000000, 0x0000000800000000)
  region size 1024K, 1 young (1024K), 1 survivors (1024K)
 Metaspace       used 109228K, capacity 111153K, committed 114892K, reserved 1148928K
  class space    used 13469K, capacity 14244K, committed 15488K, reserved 1048576K
}
Event: 3116.629 GC heap before
{Heap before GC invocations=661 (full 297):
 garbage-first heap   total 262144K, used 135285K [0x0000000740000000, 0x0000000800000000)
  region size 1024K, 12 young (12288K), 1 survivors (1024K)
 Metaspace       used 109228K, capacity 111153K, committed 114892K, reserved 1148928K
  class space    used 13469K, capacity 14244K, committed 15488K, reserved 1048576K
}
Event: 3116.632 GC heap after
{Heap after GC invocations=662 (full 297):
 garbage-first heap   total 262144K, used 125231K [0x0000000740000000, 0x0000000800000000)
  region size 1024K, 1 young (1024K), 1 survivors (1024K)
 Metaspace       used 109228K, capacity 111153K, committed 114892K, reserved 1148928K
  class space    used 13469K, capacity 14244K, committed 15488K, reserved 1048576K
}
Event: 3116.642 GC heap before
{Heap before GC invocations=662 (full 297):
 garbage-first heap   total 262144K, used 128303K [0x0000000740000000, 0x0000000800000000)
  region size 1024K, 3 young (3072K), 1 survivors (1024K)
 Metaspace       used 109228K, capacity 111153K, committed 114892K, reserved 1148928K
  class space    used 13469K, capacity 14244K, committed 15488K, reserved 1048576K
}
Event: 3116.713 GC heap after
{Heap after GC invocations=663 (full 298):
 garbage-first heap   total 262144K, used 113714K [0x0000000740000000, 0x0000000800000000)
  region size 1024K, 0 young (0K), 0 survivors (0K)
 Metaspace       used 109228K, capacity 111153K, committed 114892K, reserved 1148928K
  class space    used 13469K, capacity 14244K, committed 15488K, reserved 1048576K
}
Event: 3121.273 GC heap before
{Heap before GC invocations=663 (full 298):
 garbage-first heap   total 262144K, used 177202K [0x0000000740000000, 0x0000000800000000)
  region size 1024K, 60 young (61440K), 0 survivors (0K)
 Metaspace       used 109228K, capacity 111153K, committed 114892K, reserved 1148928K
  class space    used 13469K, capacity 14244K, committed 15488K, reserved 1048576K
}
Event: 3121.276 GC heap after
{Heap after GC invocations=664 (full 298):
 garbage-first heap   total 262144K, used 116484K [0x0000000740000000, 0x0000000800000000)
  region size 1024K, 1 young (1024K), 1 survivors (1024K)
 Metaspace       used 109228K, capacity 111153K, committed 114892K, reserved 1148928K
  class space    used 13469K, capacity 14244K, committed 15488K, reserved 1048576K
}
Event: 3123.836 GC heap before
{Heap before GC invocations=664 (full 298):
 garbage-first heap   total 262144K, used 176900K [0x0000000740000000, 0x0000000800000000)
  region size 1024K, 60 young (61440K), 1 survivors (1024K)
 Metaspace       used 109229K, capacity 111153K, committed 114892K, reserved 1148928K
  class space    used 13469K, capacity 14244K, committed 15488K, reserved 1048576K
}
Event: 3123.838 GC heap after
{Heap after GC invocations=665 (full 298):
 garbage-first heap   total 262144K, used 116276K [0x0000000740000000, 0x0000000800000000)
  region size 1024K, 1 young (1024K), 1 survivors (1024K)
 Metaspace       used 109229K, capacity 111153K, committed 114892K, reserved 1148928K
  class space    used 13469K, capacity 14244K, committed 15488K, reserved 1048576K
}
Event: 3126.762 GC heap before
{Heap before GC invocations=665 (full 298):
 garbage-first heap   total 262144K, used 176692K [0x0000000740000000, 0x0000000800000000)
  region size 1024K, 60 young (61440K), 1 survivors (1024K)
 Metaspace       used 109229K, capacity 111153K, committed 114892K, reserved 1148928K
  class space    used 13469K, capacity 14244K, committed 15488K, reserved 1048576K
}
Event: 3126.764 GC heap after
{Heap after GC invocations=666 (full 298):
 garbage-first heap   total 262144K, used 116466K [0x0000000740000000, 0x0000000800000000)
  region size 1024K, 1 young (1024K), 1 survivors (1024K)
 Metaspace       used 109229K, capacity 111153K, committed 114892K, reserved 1148928K
  class space    used 13469K, capacity 14244K, committed 15488K, reserved 1048576K
}

