# JRE version: OpenJDK Runtime Environment 18.9 (11.0.11+9) (build 11.0.11+9)
# Java VM: OpenJDK 64-Bit Server VM 18.9 (11.0.11+9, mixed mode, tiered, compressed oops, g1 gc, windows-amd64)
Heap:
 garbage-first heap   total 262144K, used 169817K [0x0000000740000000, 0x0000000800000000)
  region size 1024K, 58 young (59392K), 1 survivors (1024K)
 Metaspace       used 109881K, capacity 112916K, committed 113152K, reserved 1146880K
  class space    used 13940K, capacity 15256K, committed 15360K, reserved 1048576K
GC Heap History (20 events):
Event: 2029.923 GC heap before
{Heap before GC invocations=293 (full 56):
 garbage-first heap   total 262144K, used 133574K [0x0000000740000000, 0x0000000800000000)
  region size 1024K, 19 young (19456K), 1 survivors (1024K)
 Metaspace       used 109865K, capacity 112916K, committed 113152K, reserved 1146880K
  class space    used 13940K, capacity 15256K, committed 15360K, reserved 1048576K
}
Event: 2029.996 GC heap after
{Heap after GC invocations=294 (full 57):
 garbage-first heap   total 262144K, used 115032K [0x0000000740000000, 0x0000000800000000)
  region size 1024K, 0 young (0K), 0 survivors (0K)
 Metaspace       used 109865K, capacity 112916K, committed 113152K, reserved 1146880K
  class space    used 13940K, capacity 15256K, committed 15360K, reserved 1048576K
}
Event: 2061.715 GC heap before
{Heap before GC invocations=294 (full 57):
 garbage-first heap   total 262144K, used 176472K [0x0000000740000000, 0x0000000800000000)
  region size 1024K, 61 young (62464K), 0 survivors (0K)
 Metaspace       used 109868K, capacity 112916K, committed 113152K, reserved 1146880K
  class space    used 13940K, capacity 15256K, committed 15360K, reserved 1048576K
}
Event: 2061.718 GC heap after
{Heap after GC invocations=295 (full 57):
 garbage-first heap   total 262144K, used 115759K [0x0000000740000000, 0x0000000800000000)
  region size 1024K, 1 young (1024K), 1 survivors (1024K)
 Metaspace       used 109868K, capacity 112916K, committed 113152K, reserved 1146880K
  class space    used 13940K, capacity 15256K, committed 15360K, reserved 1048576K
}
Event: 2126.242 GC heap before
{Heap before GC invocations=296 (full 57):
 garbage-first heap   total 262144K, used 176175K [0x0000000740000000, 0x0000000800000000)
  region size 1024K, 60 young (61440K), 1 survivors (1024K)
 Metaspace       used 109869K, capacity 112916K, committed 113152K, reserved 1146880K
  class space    used 13940K, capacity 15256K, committed 15360K, reserved 1048576K
}
Event: 2126.245 GC heap after
{Heap after GC invocations=297 (full 57):
 garbage-first heap   total 262144K, used 115946K [0x0000000740000000, 0x0000000800000000)
  region size 1024K, 1 young (1024K), 1 survivors (1024K)
 Metaspace       used 109869K, capacity 112916K, committed 113152K, reserved 1146880K
  class space    used 13940K, capacity 15256K, committed 15360K, reserved 1048576K
}
Event: 2146.354 GC heap before
{Heap before GC invocations=297 (full 57):
 garbage-first heap   total 262144K, used 161002K [0x0000000740000000, 0x0000000800000000)
  region size 1024K, 46 young (47104K), 1 survivors (1024K)
 Metaspace       used 109872K, capacity 112916K, committed 113152K, reserved 1146880K
  class space    used 13940K, capacity 15256K, committed 15360K, reserved 1048576K
}
Event: 2146.357 GC heap after
{Heap after GC invocations=298 (full 57):
 garbage-first heap   total 262144K, used 115862K [0x0000000740000000, 0x0000000800000000)
  region size 1024K, 1 young (1024K), 1 survivors (1024K)
 Metaspace       used 109872K, capacity 112916K, committed 113152K, reserved 1146880K
  class space    used 13940K, capacity 15256K, committed 15360K, reserved 1048576K
}
Event: 2146.415 GC heap before
{Heap before GC invocations=298 (full 57):
 garbage-first heap   total 262144K, used 128150K [0x0000000740000000, 0x0000000800000000)
  region size 1024K, 6 young (6144K), 1 survivors (1024K)
 Metaspace       used 109872K, capacity 112916K, committed 113152K, reserved 1146880K
  class space    used 13940K, capacity 15256K, committed 15360K, reserved 1048576K
}
Event: 2146.487 GC heap after
{Heap after GC invocations=299 (full 58):
 garbage-first heap   total 262144K, used 114088K [0x0000000740000000, 0x0000000800000000)
  region size 1024K, 0 young (0K), 0 survivors (0K)
 Metaspace       used 109872K, capacity 112916K, committed 113152K, reserved 1146880K
  class space    used 13940K, capacity 15256K, committed 15360K, reserved 1048576K
}
Event: 2155.097 GC heap before
{Heap before GC invocations=299 (full 58):
 garbage-first heap   total 262144K, used 175528K [0x0000000740000000, 0x0000000800000000)
  region size 1024K, 60 young (61440K), 0 survivors (0K)
 Metaspace       used 109881K, capacity 112916K, committed 113152K, reserved 1146880K
  class space    used 13940K, capacity 15256K, committed 15360K, reserved 1048576K
}
Event: 2155.100 GC heap after
{Heap after GC invocations=300 (full 58):
 garbage-first heap   total 262144K, used 114611K [0x0000000740000000, 0x0000000800000000)
  region size 1024K, 1 young (1024K), 1 survivors (1024K)
 Metaspace       used 109881K, capacity 112916K, committed 113152K, reserved 1146880K
  class space    used 13940K, capacity 15256K, committed 15360K, reserved 1048576K
}
Event: 2157.603 GC heap before
{Heap before GC invocations=300 (full 58):
 garbage-first heap   total 262144K, used 158643K [0x0000000740000000, 0x0000000800000000)
  region size 1024K, 45 young (46080K), 1 survivors (1024K)
 Metaspace       used 109881K, capacity 112916K, committed 113152K, reserved 1146880K
  class space    used 13940K, capacity 15256K, committed 15360K, reserved 1048576K
}
Event: 2157.606 GC heap after
{Heap after GC invocations=301 (full 58):
 garbage-first heap   total 262144K, used 114608K [0x0000000740000000, 0x0000000800000000)
  region size 1024K, 1 young (1024K), 1 survivors (1024K)
 Metaspace       used 109881K, capacity 112916K, committed 113152K, reserved 1146880K
  class space    used 13940K, capacity 15256K, committed 15360K, reserved 1048576K
}
Event: 2157.708 GC heap before
{Heap before GC invocations=301 (full 58):
 garbage-first heap   total 262144K, used 128944K [0x0000000740000000, 0x0000000800000000)
  region size 1024K, 10 young (10240K), 1 survivors (1024K)
 Metaspace       used 109881K, capacity 112916K, committed 113152K, reserved 1146880K
  class space    used 13940K, capacity 15256K, committed 15360K, reserved 1048576K
}
Event: 2157.781 GC heap after
{Heap after GC invocations=302 (full 59):
 garbage-first heap   total 262144K, used 112231K [0x0000000740000000, 0x0000000800000000)
  region size 1024K, 0 young (0K), 0 survivors (0K)
 Metaspace       used 109881K, capacity 112916K, committed 113152K, reserved 1146880K
  class space    used 13940K, capacity 15256K, committed 15360K, reserved 1048576K
}
Event: 2160.104 GC heap before
{Heap before GC invocations=302 (full 59):
 garbage-first heap   total 262144K, used 173671K [0x0000000740000000, 0x0000000800000000)
  region size 1024K, 60 young (61440K), 0 survivors (0K)
 Metaspace       used 109881K, capacity 112916K, committed 113152K, reserved 1146880K
  class space    used 13940K, capacity 15256K, committed 15360K, reserved 1048576K
}
Event: 2160.105 GC heap after
{Heap after GC invocations=303 (full 59):
 garbage-first heap   total 262144K, used 112463K [0x0000000740000000, 0x0000000800000000)
  region size 1024K, 1 young (1024K), 1 survivors (1024K)
 Metaspace       used 109881K, capacity 112916K, committed 113152K, reserved 1146880K
  class space    used 13940K, capacity 15256K, committed 15360K, reserved 1048576K
}
Event: 2164.402 GC heap before
{Heap before GC invocations=303 (full 59):
 garbage-first heap   total 262144K, used 172879K [0x0000000740000000, 0x0000000800000000)
  region size 1024K, 60 young (61440K), 1 survivors (1024K)
 Metaspace       used 109881K, capacity 112916K, committed 113152K, reserved 1146880K
  class space    used 13940K, capacity 15256K, committed 15360K, reserved 1048576K
}
Event: 2164.404 GC heap after
{Heap after GC invocations=304 (full 59):
 garbage-first heap   total 262144K, used 112473K [0x0000000740000000, 0x0000000800000000)
  region size 1024K, 1 young (1024K), 1 survivors (1024K)
 Metaspace       used 109881K, capacity 112916K, committed 113152K, reserved 1146880K
  class space    used 13940K, capacity 15256K, committed 15360K, reserved 1048576K
}

